  SDL_guid.c
\Libraries\SDL2-2.30.8\src\SDL_guid.c(1,1): error C1083: ソース ファイルを開けません。'..\..\Libraries\SDL2-2.30.8\src\SDL_guid.c':No such file or directory
  SDL_atomic.c
  (compiling source file '/Libraries/SDL2-2.30.8/src/SDL_guid.c')
  
\Libraries\SDL2-2.30.8\src\atomic\SDL_atomic.c(1,1): error C1083: ソース ファイルを開けません。'..\..\Libraries\SDL2-2.30.8\src\atomic\SDL_atomic.c':No such file or directory
  (compiling source file '/Libraries/SDL2-2.30.8/src/atomic/SDL_atomic.c')
  
  SDL_spinlock.c
\Libraries\SDL2-2.30.8\src\atomic\SDL_spinlock.c(1,1): error C1083: ソース ファイルを開けません。'..\..\Libraries\SDL2-2.30.8\src\atomic\SDL_spinlock.c':No such file or directory
  (compiling source file '/Libraries/SDL2-2.30.8/src/atomic/SDL_spinlock.c')
  
  SDL_directsound.c
\Libraries\SDL2-2.30.8\src\audio\directsound\SDL_directsound.c(1,1): error C1083: ソース ファイルを開けません。'..\..\Libraries\SDL2-2.30.8\src\audio\directsound\SDL_directsound.c':No such file or directory
  (compiling source file '/Libraries/SDL2-2.30.8/src/audio/directsound/SDL_directsound.c')
  
  SDL_diskaudio.c
\Libraries\SDL2-2.30.8\src\audio\disk\SDL_diskaudio.c(1,1): error C1083: ソース ファイルを開けません。'..\..\Libraries\SDL2-2.30.8\src\audio\disk\SDL_diskaudio.c':No such file or directory
  (compiling source file '/Libraries/SDL2-2.30.8/src/audio/disk/SDL_diskaudio.c')
  
  SDL_dummyaudio.c
\Libraries\SDL2-2.30.8\src\audio\dummy\SDL_dummyaudio.c(1,1): error C1083: ソース ファイルを開けません。'..\..\Libraries\SDL2-2.30.8\src\audio\dummy\SDL_dummyaudio.c':No such file or directory
  (compiling source file '/Libraries/SDL2-2.30.8/src/audio/dummy/SDL_dummyaudio.c')
  
  SDL_audio.c
\Libraries\SDL2-2.30.8\src\audio\SDL_audio.c(1,1): error C1083: ソース ファイルを開けません。'..\..\Libraries\SDL2-2.30.8\src\audio\SDL_audio.c':No such file or directory
  (compiling source file '/Libraries/SDL2-2.30.8/src/audio/SDL_audio.c')
  
  SDL_audiocvt.c
\Libraries\SDL2-2.30.8\src\audio\SDL_audiocvt.c(1,1): error C1083: ソース ファイルを開けません。'..\..\Libraries\SDL2-2.30.8\src\audio\SDL_audiocvt.c':No such file or directory
  (compiling source file '/Libraries/SDL2-2.30.8/src/audio/SDL_audiocvt.c')
  
  SDL_audiodev.c
\Libraries\SDL2-2.30.8\src\audio\SDL_audiodev.c(1,1): error C1083: ソース ファイルを開けません。'..\..\Libraries\SDL2-2.30.8\src\audio\SDL_audiodev.c':No such file or directory
  (compiling source file '/Libraries/SDL2-2.30.8/src/audio/SDL_audiodev.c')
  
  SDL_audiotypecvt.c
\Libraries\SDL2-2.30.8\src\audio\SDL_audiotypecvt.c(1,1): error C1083: ソース ファイルを開けません。'..\..\Libraries\SDL2-2.30.8\src\audio\SDL_audiotypecvt.c':No such file or directory
  (compiling source file '/Libraries/SDL2-2.30.8/src/audio/SDL_audiotypecvt.c')
  
  SDL_mixer.c
\Libraries\SDL2-2.30.8\src\audio\SDL_mixer.c(1,1): error C1083: ソース ファイルを開けません。'..\..\Libraries\SDL2-2.30.8\src\audio\SDL_mixer.c':No such file or directory
  (compiling source file '/Libraries/SDL2-2.30.8/src/audio/SDL_mixer.c')
  
  SDL_wave.c
\Libraries\SDL2-2.30.8\src\audio\SDL_wave.c(1,1): error C1083: ソース ファイルを開けません。'..\..\Libraries\SDL2-2.30.8\src\audio\SDL_wave.c':No such file or directory
  (compiling source file '/Libraries/SDL2-2.30.8/src/audio/SDL_wave.c')
  
  SDL_winmm.c
\Libraries\SDL2-2.30.8\src\audio\winmm\SDL_winmm.c(1,1): error C1083: ソース ファイルを開けません。'..\..\Libraries\SDL2-2.30.8\src\audio\winmm\SDL_winmm.c':No such file or directory
  (compiling source file '/Libraries/SDL2-2.30.8/src/audio/winmm/SDL_winmm.c')
  
  SDL_wasapi.c
\Libraries\SDL2-2.30.8\src\audio\wasapi\SDL_wasapi.c(1,1): error C1083: ソース ファイルを開けません。'..\..\Libraries\SDL2-2.30.8\src\audio\wasapi\SDL_wasapi.c':No such file or directory
  (compiling source file '/Libraries/SDL2-2.30.8/src/audio/wasapi/SDL_wasapi.c')
  
  SDL_wasapi_win32.c
\Libraries\SDL2-2.30.8\src\audio\wasapi\SDL_wasapi_win32.c(1,1): error C1083: ソース ファイルを開けません。'..\..\Libraries\SDL2-2.30.8\src\audio\wasapi\SDL_wasapi_win32.c':No such file or directory
  (compiling source file '/Libraries/SDL2-2.30.8/src/audio/wasapi/SDL_wasapi_win32.c')
  
  SDL_hid.c
\Libraries\SDL2-2.30.8\src\core\windows\SDL_hid.c(1,1): error C1083: ソース ファイルを開けません。'..\..\Libraries\SDL2-2.30.8\src\core\windows\SDL_hid.c':No such file or directory
  (compiling source file '/Libraries/SDL2-2.30.8/src/core/windows/SDL_hid.c')
  
  SDL_immdevice.c
\Libraries\SDL2-2.30.8\src\core\windows\SDL_immdevice.c(1,1): error C1083: ソース ファイルを開けません。'..\..\Libraries\SDL2-2.30.8\src\core\windows\SDL_immdevice.c':No such file or directory
  (compiling source file '/Libraries/SDL2-2.30.8/src/core/windows/SDL_immdevice.c')
  
  SDL_windows.c
\Libraries\SDL2-2.30.8\src\core\windows\SDL_windows.c(1,1): error C1083: ソース ファイルを開けません。'..\..\Libraries\SDL2-2.30.8\src\core\windows\SDL_windows.c':No such file or directory
  (compiling source file '/Libraries/SDL2-2.30.8/src/core/windows/SDL_windows.c')
  
  SDL_xinput.c
\Libraries\SDL2-2.30.8\src\core\windows\SDL_xinput.c(1,1): error C1083: ソース ファイルを開けません。'..\..\Libraries\SDL2-2.30.8\src\core\windows\SDL_xinput.c':No such file or directory
  (compiling source file '/Libraries/SDL2-2.30.8/src/core/windows/SDL_xinput.c')
  
  SDL_cpuinfo.c
\Libraries\SDL2-2.30.8\src\cpuinfo\SDL_cpuinfo.c(1,1): error C1083: ソース ファイルを開けません。'..\..\Libraries\SDL2-2.30.8\src\cpuinfo\SDL_cpuinfo.c':No such file or directory
  (compiling source file '/Libraries/SDL2-2.30.8/src/cpuinfo/SDL_cpuinfo.c')
  
  コードを生成中...
  コンパイル中...
  SDL_dynapi.c
\Libraries\SDL2-2.30.8\src\dynapi\SDL_dynapi.c(1,1): error C1083: ソース ファイルを開けません。'..\..\Libraries\SDL2-2.30.8\src\dynapi\SDL_dynapi.c':No such file or directory
  (compiling source file '/Libraries/SDL2-2.30.8/src/dynapi/SDL_dynapi.c')
  
  SDL_clipboardevents.c
\Libraries\SDL2-2.30.8\src\events\SDL_clipboardevents.c(1,1): error C1083: ソース ファイルを開けません。'..\..\Libraries\SDL2-2.30.8\src\events\SDL_clipboardevents.c':No such file or directory
  (compiling source file '/Libraries/SDL2-2.30.8/src/events/SDL_clipboardevents.c')
  
  SDL_displayevents.c
\Libraries\SDL2-2.30.8\src\events\SDL_displayevents.c(1,1): error C1083: ソース ファイルを開けません。'..\..\Libraries\SDL2-2.30.8\src\events\SDL_displayevents.c':No such file or directory
  (compiling source file '/Libraries/SDL2-2.30.8/src/events/SDL_displayevents.c')
  
  SDL_dropevents.c
\Libraries\SDL2-2.30.8\src\events\SDL_dropevents.c(1,1): error C1083: ソース ファイルを開けません。'..\..\Libraries\SDL2-2.30.8\src\events\SDL_dropevents.c':No such file or directory
  (compiling source file '/Libraries/SDL2-2.30.8/src/events/SDL_dropevents.c')
  
  SDL_events.c
\Libraries\SDL2-2.30.8\src\events\SDL_events.c(1,1): error C1083: ソース ファイルを開けません。'..\..\Libraries\SDL2-2.30.8\src\events\SDL_events.c':No such file or directory
  (compiling source file '/Libraries/SDL2-2.30.8/src/events/SDL_events.c')
  
  SDL_gesture.c
\Libraries\SDL2-2.30.8\src\events\SDL_gesture.c(1,1): error C1083: ソース ファイルを開けません。'..\..\Libraries\SDL2-2.30.8\src\events\SDL_gesture.c':No such file or directory
  (compiling source file '/Libraries/SDL2-2.30.8/src/events/SDL_gesture.c')
  
  SDL_keyboard.c
\Libraries\SDL2-2.30.8\src\events\SDL_keyboard.c(1,1): error C1083: ソース ファイルを開けません。'..\..\Libraries\SDL2-2.30.8\src\events\SDL_keyboard.c':No such file or directory
  (compiling source file '/Libraries/SDL2-2.30.8/src/events/SDL_keyboard.c')
  
  SDL_mouse.c
\Libraries\SDL2-2.30.8\src\events\SDL_mouse.c(1,1): error C1083: ソース ファイルを開けません。'..\..\Libraries\SDL2-2.30.8\src\events\SDL_mouse.c':No such file or directory
  (compiling source file '/Libraries/SDL2-2.30.8/src/events/SDL_mouse.c')
  
  SDL_quit.c
\Libraries\SDL2-2.30.8\src\events\SDL_quit.c(1,1): error C1083: ソース ファイルを開けません。'..\..\Libraries\SDL2-2.30.8\src\events\SDL_quit.c':No such file or directory
  (compiling source file '/Libraries/SDL2-2.30.8/src/events/SDL_quit.c')
  
  SDL_touch.c
\Libraries\SDL2-2.30.8\src\events\SDL_touch.c(1,1): error C1083: ソース ファイルを開けません。'..\..\Libraries\SDL2-2.30.8\src\events\SDL_touch.c':No such file or directory
  (compiling source file '/Libraries/SDL2-2.30.8/src/events/SDL_touch.c')
  
  SDL_windowevents.c
\Libraries\SDL2-2.30.8\src\events\SDL_windowevents.c(1,1): error C1083: ソース ファイルを開けません。'..\..\Libraries\SDL2-2.30.8\src\events\SDL_windowevents.c':No such file or directory
  (compiling source file '/Libraries/SDL2-2.30.8/src/events/SDL_windowevents.c')
  
  SDL_rwops.c
\Libraries\SDL2-2.30.8\src\file\SDL_rwops.c(1,1): error C1083: ソース ファイルを開けません。'..\..\Libraries\SDL2-2.30.8\src\file\SDL_rwops.c':No such file or directory
  (compiling source file '/Libraries/SDL2-2.30.8/src/file/SDL_rwops.c')
  
  SDL_sysfilesystem.c
\Libraries\SDL2-2.30.8\src\filesystem\windows\SDL_sysfilesystem.c(1,1): error C1083: ソース ファイルを開けません。'..\..\Libraries\SDL2-2.30.8\src\filesystem\windows\SDL_sysfilesystem.c':No such file or directory
  (compiling source file '/Libraries/SDL2-2.30.8/src/filesystem/windows/SDL_sysfilesystem.c')
  
  SDL_syshaptic.c
\Libraries\SDL2-2.30.8\src\haptic\dummy\SDL_syshaptic.c(1,1): error C1083: ソース ファイルを開けません。'..\..\Libraries\SDL2-2.30.8\src\haptic\dummy\SDL_syshaptic.c':No such file or directory
  (compiling source file '/Libraries/SDL2-2.30.8/src/haptic/dummy/SDL_syshaptic.c')
  
  SDL_haptic.c
\Libraries\SDL2-2.30.8\src\haptic\SDL_haptic.c(1,1): error C1083: ソース ファイルを開けません。'..\..\Libraries\SDL2-2.30.8\src\haptic\SDL_haptic.c':No such file or directory
  (compiling source file '/Libraries/SDL2-2.30.8/src/haptic/SDL_haptic.c')
  
  SDL_dinputhaptic.c
\Libraries\SDL2-2.30.8\src\haptic\windows\SDL_dinputhaptic.c(1,1): error C1083: ソース ファイルを開けません。'..\..\Libraries\SDL2-2.30.8\src\haptic\windows\SDL_dinputhaptic.c':No such file or directory
  (compiling source file '/Libraries/SDL2-2.30.8/src/haptic/windows/SDL_dinputhaptic.c')
  
  SDL_windowshaptic.c
\Libraries\SDL2-2.30.8\src\haptic\windows\SDL_windowshaptic.c(1,1): error C1083: ソース ファイルを開けません。'..\..\Libraries\SDL2-2.30.8\src\haptic\windows\SDL_windowshaptic.c':No such file or directory
  (compiling source file '/Libraries/SDL2-2.30.8/src/haptic/windows/SDL_windowshaptic.c')
  
  SDL_xinputhaptic.c
\Libraries\SDL2-2.30.8\src\haptic\windows\SDL_xinputhaptic.c(1,1): error C1083: ソース ファイルを開けません。'..\..\Libraries\SDL2-2.30.8\src\haptic\windows\SDL_xinputhaptic.c':No such file or directory
  (compiling source file '/Libraries/SDL2-2.30.8/src/haptic/windows/SDL_xinputhaptic.c')
  
  SDL_hidapi.c
\Libraries\SDL2-2.30.8\src\hidapi\SDL_hidapi.c(1,1): error C1083: ソース ファイルを開けません。'..\..\Libraries\SDL2-2.30.8\src\hidapi\SDL_hidapi.c':No such file or directory
  (compiling source file '/Libraries/SDL2-2.30.8/src/hidapi/SDL_hidapi.c')
  
  controller_type.c
\Libraries\SDL2-2.30.8\src\joystick\controller_type.c(1,1): error C1083: ソース ファイルを開けません。'..\..\Libraries\SDL2-2.30.8\src\joystick\controller_type.c':No such file or directory
  (compiling source file '/Libraries/SDL2-2.30.8/src/joystick/controller_type.c')
  
  コードを生成中...
  コンパイル中...
  SDL_sysjoystick.c
\Libraries\SDL2-2.30.8\src\joystick\dummy\SDL_sysjoystick.c(1,1): error C1083: ソース ファイルを開けません。'..\..\Libraries\SDL2-2.30.8\src\joystick\dummy\SDL_sysjoystick.c':No such file or directory
  (compiling source file '/Libraries/SDL2-2.30.8/src/joystick/dummy/SDL_sysjoystick.c')
  
  SDL_hidapijoystick.c
\Libraries\SDL2-2.30.8\src\joystick\hidapi\SDL_hidapijoystick.c(1,1): error C1083: ソース ファイルを開けません。'..\..\Libraries\SDL2-2.30.8\src\joystick\hidapi\SDL_hidapijoystick.c':No such file or directory
  (compiling source file '/Libraries/SDL2-2.30.8/src/joystick/hidapi/SDL_hidapijoystick.c')
  
  SDL_hidapi_combined.c
\Libraries\SDL2-2.30.8\src\joystick\hidapi\SDL_hidapi_combined.c(1,1): error C1083: ソース ファイルを開けません。'..\..\Libraries\SDL2-2.30.8\src\joystick\hidapi\SDL_hidapi_combined.c':No such file or directory
  (compiling source file '/Libraries/SDL2-2.30.8/src/joystick/hidapi/SDL_hidapi_combined.c')
  
  SDL_hidapi_gamecube.c
\Libraries\SDL2-2.30.8\src\joystick\hidapi\SDL_hidapi_gamecube.c(1,1): error C1083: ソース ファイルを開けません。'..\..\Libraries\SDL2-2.30.8\src\joystick\hidapi\SDL_hidapi_gamecube.c':No such file or directory
  (compiling source file '/Libraries/SDL2-2.30.8/src/joystick/hidapi/SDL_hidapi_gamecube.c')
  
  SDL_hidapi_luna.c
\Libraries\SDL2-2.30.8\src\joystick\hidapi\SDL_hidapi_luna.c(1,1): error C1083: ソース ファイルを開けません。'..\..\Libraries\SDL2-2.30.8\src\joystick\hidapi\SDL_hidapi_luna.c':No such file or directory
  (compiling source file '/Libraries/SDL2-2.30.8/src/joystick/hidapi/SDL_hidapi_luna.c')
  
  SDL_hidapi_ps3.c
\Libraries\SDL2-2.30.8\src\joystick\hidapi\SDL_hidapi_ps3.c(1,1): error C1083: ソース ファイルを開けません。'..\..\Libraries\SDL2-2.30.8\src\joystick\hidapi\SDL_hidapi_ps3.c':No such file or directory
  (compiling source file '/Libraries/SDL2-2.30.8/src/joystick/hidapi/SDL_hidapi_ps3.c')
  
  SDL_hidapi_ps4.c
\Libraries\SDL2-2.30.8\src\joystick\hidapi\SDL_hidapi_ps4.c(1,1): error C1083: ソース ファイルを開けません。'..\..\Libraries\SDL2-2.30.8\src\joystick\hidapi\SDL_hidapi_ps4.c':No such file or directory
  (compiling source file '/Libraries/SDL2-2.30.8/src/joystick/hidapi/SDL_hidapi_ps4.c')
  
  SDL_hidapi_ps5.c
\Libraries\SDL2-2.30.8\src\joystick\hidapi\SDL_hidapi_ps5.c(1,1): error C1083: ソース ファイルを開けません。'..\..\Libraries\SDL2-2.30.8\src\joystick\hidapi\SDL_hidapi_ps5.c':No such file or directory
  (compiling source file '/Libraries/SDL2-2.30.8/src/joystick/hidapi/SDL_hidapi_ps5.c')
  
  SDL_hidapi_rumble.c
\Libraries\SDL2-2.30.8\src\joystick\hidapi\SDL_hidapi_rumble.c(1,1): error C1083: ソース ファイルを開けません。'..\..\Libraries\SDL2-2.30.8\src\joystick\hidapi\SDL_hidapi_rumble.c':No such file or directory
  (compiling source file '/Libraries/SDL2-2.30.8/src/joystick/hidapi/SDL_hidapi_rumble.c')
  
  SDL_hidapi_shield.c
\Libraries\SDL2-2.30.8\src\joystick\hidapi\SDL_hidapi_shield.c(1,1): error C1083: ソース ファイルを開けません。'..\..\Libraries\SDL2-2.30.8\src\joystick\hidapi\SDL_hidapi_shield.c':No such file or directory
  (compiling source file '/Libraries/SDL2-2.30.8/src/joystick/hidapi/SDL_hidapi_shield.c')
  
  SDL_hidapi_stadia.c
\Libraries\SDL2-2.30.8\src\joystick\hidapi\SDL_hidapi_stadia.c(1,1): error C1083: ソース ファイルを開けません。'..\..\Libraries\SDL2-2.30.8\src\joystick\hidapi\SDL_hidapi_stadia.c':No such file or directory
  (compiling source file '/Libraries/SDL2-2.30.8/src/joystick/hidapi/SDL_hidapi_stadia.c')
  
  SDL_hidapi_steam.c
\Libraries\SDL2-2.30.8\src\joystick\hidapi\SDL_hidapi_steam.c(1,1): error C1083: ソース ファイルを開けません。'..\..\Libraries\SDL2-2.30.8\src\joystick\hidapi\SDL_hidapi_steam.c':No such file or directory
  (compiling source file '/Libraries/SDL2-2.30.8/src/joystick/hidapi/SDL_hidapi_steam.c')
  
  SDL_hidapi_steamdeck.c
\Libraries\SDL2-2.30.8\src\joystick\hidapi\SDL_hidapi_steamdeck.c(1,1): error C1083: ソース ファイルを開けません。'..\..\Libraries\SDL2-2.30.8\src\joystick\hidapi\SDL_hidapi_steamdeck.c':No such file or directory
  (compiling source file '/Libraries/SDL2-2.30.8/src/joystick/hidapi/SDL_hidapi_steamdeck.c')
  
  SDL_hidapi_switch.c
\Libraries\SDL2-2.30.8\src\joystick\hidapi\SDL_hidapi_switch.c(1,1): error C1083: ソース ファイルを開けません。'..\..\Libraries\SDL2-2.30.8\src\joystick\hidapi\SDL_hidapi_switch.c':No such file or directory
  (compiling source file '/Libraries/SDL2-2.30.8/src/joystick/hidapi/SDL_hidapi_switch.c')
  
  SDL_hidapi_wii.c
\Libraries\SDL2-2.30.8\src\joystick\hidapi\SDL_hidapi_wii.c(1,1): error C1083: ソース ファイルを開けません。'..\..\Libraries\SDL2-2.30.8\src\joystick\hidapi\SDL_hidapi_wii.c':No such file or directory
  (compiling source file '/Libraries/SDL2-2.30.8/src/joystick/hidapi/SDL_hidapi_wii.c')
  
  SDL_hidapi_xbox360.c
\Libraries\SDL2-2.30.8\src\joystick\hidapi\SDL_hidapi_xbox360.c(1,1): error C1083: ソース ファイルを開けません。'..\..\Libraries\SDL2-2.30.8\src\joystick\hidapi\SDL_hidapi_xbox360.c':No such file or directory
  (compiling source file '/Libraries/SDL2-2.30.8/src/joystick/hidapi/SDL_hidapi_xbox360.c')
  
  SDL_hidapi_xbox360w.c
\Libraries\SDL2-2.30.8\src\joystick\hidapi\SDL_hidapi_xbox360w.c(1,1): error C1083: ソース ファイルを開けません。'..\..\Libraries\SDL2-2.30.8\src\joystick\hidapi\SDL_hidapi_xbox360w.c':No such file or directory
  (compiling source file '/Libraries/SDL2-2.30.8/src/joystick/hidapi/SDL_hidapi_xbox360w.c')
  
  SDL_hidapi_xboxone.c
\Libraries\SDL2-2.30.8\src\joystick\hidapi\SDL_hidapi_xboxone.c(1,1): error C1083: ソース ファイルを開けません。'..\..\Libraries\SDL2-2.30.8\src\joystick\hidapi\SDL_hidapi_xboxone.c':No such file or directory
  (compiling source file '/Libraries/SDL2-2.30.8/src/joystick/hidapi/SDL_hidapi_xboxone.c')
  
  SDL_gamecontroller.c
\Libraries\SDL2-2.30.8\src\joystick\SDL_gamecontroller.c(1,1): error C1083: ソース ファイルを開けません。'..\..\Libraries\SDL2-2.30.8\src\joystick\SDL_gamecontroller.c':No such file or directory
  (compiling source file '/Libraries/SDL2-2.30.8/src/joystick/SDL_gamecontroller.c')
  
  SDL_joystick.c
\Libraries\SDL2-2.30.8\src\joystick\SDL_joystick.c(1,1): error C1083: ソース ファイルを開けません。'..\..\Libraries\SDL2-2.30.8\src\joystick\SDL_joystick.c':No such file or directory
  (compiling source file '/Libraries/SDL2-2.30.8/src/joystick/SDL_joystick.c')
  
  コードを生成中...
  コンパイル中...
  SDL_steam_virtual_gamepad.c
\Libraries\SDL2-2.30.8\src\joystick\SDL_steam_virtual_gamepad.c(1,1): error C1083: ソース ファイルを開けません。'..\..\Libraries\SDL2-2.30.8\src\joystick\SDL_steam_virtual_gamepad.c':No such file or directory
  (compiling source file '/Libraries/SDL2-2.30.8/src/joystick/SDL_steam_virtual_gamepad.c')
  
  SDL_virtualjoystick.c
\Libraries\SDL2-2.30.8\src\joystick\virtual\SDL_virtualjoystick.c(1,1): error C1083: ソース ファイルを開けません。'..\..\Libraries\SDL2-2.30.8\src\joystick\virtual\SDL_virtualjoystick.c':No such file or directory
  (compiling source file '/Libraries/SDL2-2.30.8/src/joystick/virtual/SDL_virtualjoystick.c')
  
  SDL_dinputjoystick.c
\Libraries\SDL2-2.30.8\src\joystick\windows\SDL_dinputjoystick.c(1,1): error C1083: ソース ファイルを開けません。'..\..\Libraries\SDL2-2.30.8\src\joystick\windows\SDL_dinputjoystick.c':No such file or directory
  (compiling source file '/Libraries/SDL2-2.30.8/src/joystick/windows/SDL_dinputjoystick.c')
  
  SDL_rawinputjoystick.c
\Libraries\SDL2-2.30.8\src\joystick\windows\SDL_rawinputjoystick.c(1,1): error C1083: ソース ファイルを開けません。'..\..\Libraries\SDL2-2.30.8\src\joystick\windows\SDL_rawinputjoystick.c':No such file or directory
  (compiling source file '/Libraries/SDL2-2.30.8/src/joystick/windows/SDL_rawinputjoystick.c')
  
  SDL_windowsjoystick.c
\Libraries\SDL2-2.30.8\src\joystick\windows\SDL_windowsjoystick.c(1,1): error C1083: ソース ファイルを開けません。'..\..\Libraries\SDL2-2.30.8\src\joystick\windows\SDL_windowsjoystick.c':No such file or directory
  (compiling source file '/Libraries/SDL2-2.30.8/src/joystick/windows/SDL_windowsjoystick.c')
  
  SDL_windows_gaming_input.c
\Libraries\SDL2-2.30.8\src\joystick\windows\SDL_windows_gaming_input.c(1,1): error C1083: ソース ファイルを開けません。'..\..\Libraries\SDL2-2.30.8\src\joystick\windows\SDL_windows_gaming_input.c':No such file or directory
  (compiling source file '/Libraries/SDL2-2.30.8/src/joystick/windows/SDL_windows_gaming_input.c')
  
  SDL_xinputjoystick.c
\Libraries\SDL2-2.30.8\src\joystick\windows\SDL_xinputjoystick.c(1,1): error C1083: ソース ファイルを開けません。'..\..\Libraries\SDL2-2.30.8\src\joystick\windows\SDL_xinputjoystick.c':No such file or directory
  (compiling source file '/Libraries/SDL2-2.30.8/src/joystick/windows/SDL_xinputjoystick.c')
  
  e_atan2.c
\Libraries\SDL2-2.30.8\src\libm\e_atan2.c(1,1): error C1083: ソース ファイルを開けません。'..\..\Libraries\SDL2-2.30.8\src\libm\e_atan2.c':No such file or directory
  (compiling source file '/Libraries/SDL2-2.30.8/src/libm/e_atan2.c')
  
  e_exp.c
\Libraries\SDL2-2.30.8\src\libm\e_exp.c(1,1): error C1083: ソース ファイルを開けません。'..\..\Libraries\SDL2-2.30.8\src\libm\e_exp.c':No such file or directory
  (compiling source file '/Libraries/SDL2-2.30.8/src/libm/e_exp.c')
  
  e_fmod.c
\Libraries\SDL2-2.30.8\src\libm\e_fmod.c(1,1): error C1083: ソース ファイルを開けません。'..\..\Libraries\SDL2-2.30.8\src\libm\e_fmod.c':No such file or directory
  (compiling source file '/Libraries/SDL2-2.30.8/src/libm/e_fmod.c')
  
  e_log.c
\Libraries\SDL2-2.30.8\src\libm\e_log.c(1,1): error C1083: ソース ファイルを開けません。'..\..\Libraries\SDL2-2.30.8\src\libm\e_log.c':No such file or directory
  (compiling source file '/Libraries/SDL2-2.30.8/src/libm/e_log.c')
  
  e_log10.c
\Libraries\SDL2-2.30.8\src\libm\e_log10.c(1,1): error C1083: ソース ファイルを開けません。'..\..\Libraries\SDL2-2.30.8\src\libm\e_log10.c':No such file or directory
  (compiling source file '/Libraries/SDL2-2.30.8/src/libm/e_log10.c')
  
  e_pow.c
\Libraries\SDL2-2.30.8\src\libm\e_pow.c(1,1): error C1083: ソース ファイルを開けません。'..\..\Libraries\SDL2-2.30.8\src\libm\e_pow.c':No such file or directory
  (compiling source file '/Libraries/SDL2-2.30.8/src/libm/e_pow.c')
  
  e_rem_pio2.c
\Libraries\SDL2-2.30.8\src\libm\e_rem_pio2.c(1,1): error C1083: ソース ファイルを開けません。'..\..\Libraries\SDL2-2.30.8\src\libm\e_rem_pio2.c':No such file or directory
  (compiling source file '/Libraries/SDL2-2.30.8/src/libm/e_rem_pio2.c')
  
  e_sqrt.c
\Libraries\SDL2-2.30.8\src\libm\e_sqrt.c(1,1): error C1083: ソース ファイルを開けません。'..\..\Libraries\SDL2-2.30.8\src\libm\e_sqrt.c':No such file or directory
  (compiling source file '/Libraries/SDL2-2.30.8/src/libm/e_sqrt.c')
  
  k_cos.c
\Libraries\SDL2-2.30.8\src\libm\k_cos.c(1,1): error C1083: ソース ファイルを開けません。'..\..\Libraries\SDL2-2.30.8\src\libm\k_cos.c':No such file or directory
  (compiling source file '/Libraries/SDL2-2.30.8/src/libm/k_cos.c')
  
  k_rem_pio2.c
\Libraries\SDL2-2.30.8\src\libm\k_rem_pio2.c(1,1): error C1083: ソース ファイルを開けません。'..\..\Libraries\SDL2-2.30.8\src\libm\k_rem_pio2.c':No such file or directory
  (compiling source file '/Libraries/SDL2-2.30.8/src/libm/k_rem_pio2.c')
  
  k_sin.c
\Libraries\SDL2-2.30.8\src\libm\k_sin.c(1,1): error C1083: ソース ファイルを開けません。'..\..\Libraries\SDL2-2.30.8\src\libm\k_sin.c':No such file or directory
  (compiling source file '/Libraries/SDL2-2.30.8/src/libm/k_sin.c')
  
  k_tan.c
\Libraries\SDL2-2.30.8\src\libm\k_tan.c(1,1): error C1083: ソース ファイルを開けません。'..\..\Libraries\SDL2-2.30.8\src\libm\k_tan.c':No such file or directory
  (compiling source file '/Libraries/SDL2-2.30.8/src/libm/k_tan.c')
  
  s_atan.c
\Libraries\SDL2-2.30.8\src\libm\s_atan.c(1,1): error C1083: ソース ファイルを開けません。'..\..\Libraries\SDL2-2.30.8\src\libm\s_atan.c':No such file or directory
  (compiling source file '/Libraries/SDL2-2.30.8/src/libm/s_atan.c')
  
  コードを生成中...
  コンパイル中...
  s_copysign.c
\Libraries\SDL2-2.30.8\src\libm\s_copysign.c(1,1): error C1083: ソース ファイルを開けません。'..\..\Libraries\SDL2-2.30.8\src\libm\s_copysign.c':No such file or directory
  (compiling source file '/Libraries/SDL2-2.30.8/src/libm/s_copysign.c')
  
  s_cos.c
\Libraries\SDL2-2.30.8\src\libm\s_cos.c(1,1): error C1083: ソース ファイルを開けません。'..\..\Libraries\SDL2-2.30.8\src\libm\s_cos.c':No such file or directory
  (compiling source file '/Libraries/SDL2-2.30.8/src/libm/s_cos.c')
  
  s_fabs.c
\Libraries\SDL2-2.30.8\src\libm\s_fabs.c(1,1): error C1083: ソース ファイルを開けません。'..\..\Libraries\SDL2-2.30.8\src\libm\s_fabs.c':No such file or directory
  (compiling source file '/Libraries/SDL2-2.30.8/src/libm/s_fabs.c')
  
  s_floor.c
\Libraries\SDL2-2.30.8\src\libm\s_floor.c(1,1): error C1083: ソース ファイルを開けません。'..\..\Libraries\SDL2-2.30.8\src\libm\s_floor.c':No such file or directory
  (compiling source file '/Libraries/SDL2-2.30.8/src/libm/s_floor.c')
  
  s_scalbn.c
\Libraries\SDL2-2.30.8\src\libm\s_scalbn.c(1,1): error C1083: ソース ファイルを開けません。'..\..\Libraries\SDL2-2.30.8\src\libm\s_scalbn.c':No such file or directory
  (compiling source file '/Libraries/SDL2-2.30.8/src/libm/s_scalbn.c')
  
  s_sin.c
\Libraries\SDL2-2.30.8\src\libm\s_sin.c(1,1): error C1083: ソース ファイルを開けません。'..\..\Libraries\SDL2-2.30.8\src\libm\s_sin.c':No such file or directory
  (compiling source file '/Libraries/SDL2-2.30.8/src/libm/s_sin.c')
  
  s_tan.c
\Libraries\SDL2-2.30.8\src\libm\s_tan.c(1,1): error C1083: ソース ファイルを開けません。'..\..\Libraries\SDL2-2.30.8\src\libm\s_tan.c':No such file or directory
  (compiling source file '/Libraries/SDL2-2.30.8/src/libm/s_tan.c')
  
  SDL_sysloadso.c
\Libraries\SDL2-2.30.8\src\loadso\windows\SDL_sysloadso.c(1,1): error C1083: ソース ファイルを開けません。'..\..\Libraries\SDL2-2.30.8\src\loadso\windows\SDL_sysloadso.c':No such file or directory
  (compiling source file '/Libraries/SDL2-2.30.8/src/loadso/windows/SDL_sysloadso.c')
  
  SDL_locale.c
\Libraries\SDL2-2.30.8\src\locale\SDL_locale.c(1,1): error C1083: ソース ファイルを開けません。'..\..\Libraries\SDL2-2.30.8\src\locale\SDL_locale.c':No such file or directory
  (compiling source file '/Libraries/SDL2-2.30.8/src/locale/SDL_locale.c')
  
  SDL_syslocale.c
\Libraries\SDL2-2.30.8\src\locale\windows\SDL_syslocale.c(1,1): error C1083: ソース ファイルを開けません。'..\..\Libraries\SDL2-2.30.8\src\locale\windows\SDL_syslocale.c':No such file or directory
  (compiling source file '/Libraries/SDL2-2.30.8/src/locale/windows/SDL_syslocale.c')
  
  SDL_url.c
\Libraries\SDL2-2.30.8\src\misc\SDL_url.c(1,1): error C1083: ソース ファイルを開けません。'..\..\Libraries\SDL2-2.30.8\src\misc\SDL_url.c':No such file or directory
  (compiling source file '/Libraries/SDL2-2.30.8/src/misc/SDL_url.c')
  
  SDL_sysurl.c
\Libraries\SDL2-2.30.8\src\misc\windows\SDL_sysurl.c(1,1): error C1083: ソース ファイルを開けません。'..\..\Libraries\SDL2-2.30.8\src\misc\windows\SDL_sysurl.c':No such file or directory
  (compiling source file '/Libraries/SDL2-2.30.8/src/misc/windows/SDL_sysurl.c')
  
  SDL_power.c
\Libraries\SDL2-2.30.8\src\power\SDL_power.c(1,1): error C1083: ソース ファイルを開けません。'..\..\Libraries\SDL2-2.30.8\src\power\SDL_power.c':No such file or directory
  (compiling source file '/Libraries/SDL2-2.30.8/src/power/SDL_power.c')
  
  SDL_syspower.c
\Libraries\SDL2-2.30.8\src\power\windows\SDL_syspower.c(1,1): error C1083: ソース ファイルを開けません。'..\..\Libraries\SDL2-2.30.8\src\power\windows\SDL_syspower.c':No such file or directory
  (compiling source file '/Libraries/SDL2-2.30.8/src/power/windows/SDL_syspower.c')
  
  SDL_shaders_d3d11.c
\Libraries\SDL2-2.30.8\src\render\direct3d11\SDL_shaders_d3d11.c(1,1): error C1083: ソース ファイルを開けません。'..\..\Libraries\SDL2-2.30.8\src\render\direct3d11\SDL_shaders_d3d11.c':No such file or directory
  (compiling source file '/Libraries/SDL2-2.30.8/src/render/direct3d11/SDL_shaders_d3d11.c')
  
  SDL_render_d3d12.c
\Libraries\SDL2-2.30.8\src\render\direct3d12\SDL_render_d3d12.c(1,1): error C1083: ソース ファイルを開けません。'..\..\Libraries\SDL2-2.30.8\src\render\direct3d12\SDL_render_d3d12.c':No such file or directory
  (compiling source file '/Libraries/SDL2-2.30.8/src/render/direct3d12/SDL_render_d3d12.c')
  
  SDL_shaders_d3d12.c
\Libraries\SDL2-2.30.8\src\render\direct3d12\SDL_shaders_d3d12.c(1,1): error C1083: ソース ファイルを開けません。'..\..\Libraries\SDL2-2.30.8\src\render\direct3d12\SDL_shaders_d3d12.c':No such file or directory
  (compiling source file '/Libraries/SDL2-2.30.8/src/render/direct3d12/SDL_shaders_d3d12.c')
  
  SDL_render_d3d.c
\Libraries\SDL2-2.30.8\src\render\direct3d\SDL_render_d3d.c(1,1): error C1083: ソース ファイルを開けません。'..\..\Libraries\SDL2-2.30.8\src\render\direct3d\SDL_render_d3d.c':No such file or directory
  (compiling source file '/Libraries/SDL2-2.30.8/src/render/direct3d/SDL_render_d3d.c')
  
  SDL_render_d3d11.c
\Libraries\SDL2-2.30.8\src\render\direct3d11\SDL_render_d3d11.c(1,1): error C1083: ソース ファイルを開けません。'..\..\Libraries\SDL2-2.30.8\src\render\direct3d11\SDL_render_d3d11.c':No such file or directory
  (compiling source file '/Libraries/SDL2-2.30.8/src/render/direct3d11/SDL_render_d3d11.c')
  
  SDL_shaders_d3d.c
\Libraries\SDL2-2.30.8\src\render\direct3d\SDL_shaders_d3d.c(1,1): error C1083: ソース ファイルを開けません。'..\..\Libraries\SDL2-2.30.8\src\render\direct3d\SDL_shaders_d3d.c':No such file or directory
  (compiling source file '/Libraries/SDL2-2.30.8/src/render/direct3d/SDL_shaders_d3d.c')
  
  コードを生成中...
  コンパイル中...
  SDL_render_gl.c
\Libraries\SDL2-2.30.8\src\render\opengl\SDL_render_gl.c(1,1): error C1083: ソース ファイルを開けません。'..\..\Libraries\SDL2-2.30.8\src\render\opengl\SDL_render_gl.c':No such file or directory
  (compiling source file '/Libraries/SDL2-2.30.8/src/render/opengl/SDL_render_gl.c')
  
  SDL_shaders_gl.c
\Libraries\SDL2-2.30.8\src\render\opengl\SDL_shaders_gl.c(1,1): error C1083: ソース ファイルを開けません。'..\..\Libraries\SDL2-2.30.8\src\render\opengl\SDL_shaders_gl.c':No such file or directory
  (compiling source file '/Libraries/SDL2-2.30.8/src/render/opengl/SDL_shaders_gl.c')
  
  SDL_render_gles2.c
\Libraries\SDL2-2.30.8\src\render\opengles2\SDL_render_gles2.c(1,1): error C1083: ソース ファイルを開けません。'..\..\Libraries\SDL2-2.30.8\src\render\opengles2\SDL_render_gles2.c':No such file or directory
  (compiling source file '/Libraries/SDL2-2.30.8/src/render/opengles2/SDL_render_gles2.c')
  
  SDL_shaders_gles2.c
\Libraries\SDL2-2.30.8\src\render\opengles2\SDL_shaders_gles2.c(1,1): error C1083: ソース ファイルを開けません。'..\..\Libraries\SDL2-2.30.8\src\render\opengles2\SDL_shaders_gles2.c':No such file or directory
  (compiling source file '/Libraries/SDL2-2.30.8/src/render/opengles2/SDL_shaders_gles2.c')
  
  SDL_d3dmath.c
\Libraries\SDL2-2.30.8\src\render\SDL_d3dmath.c(1,1): error C1083: ソース ファイルを開けません。'..\..\Libraries\SDL2-2.30.8\src\render\SDL_d3dmath.c':No such file or directory
  (compiling source file '/Libraries/SDL2-2.30.8/src/render/SDL_d3dmath.c')
  
  SDL_render.c
\Libraries\SDL2-2.30.8\src\render\SDL_render.c(1,1): error C1083: ソース ファイルを開けません。'..\..\Libraries\SDL2-2.30.8\src\render\SDL_render.c':No such file or directory
  (compiling source file '/Libraries/SDL2-2.30.8/src/render/SDL_render.c')
  
  SDL_yuv_sw.c
\Libraries\SDL2-2.30.8\src\render\SDL_yuv_sw.c(1,1): error C1083: ソース ファイルを開けません。'..\..\Libraries\SDL2-2.30.8\src\render\SDL_yuv_sw.c':No such file or directory
  (compiling source file '/Libraries/SDL2-2.30.8/src/render/SDL_yuv_sw.c')
  
  SDL_blendfillrect.c
\Libraries\SDL2-2.30.8\src\render\software\SDL_blendfillrect.c(1,1): error C1083: ソース ファイルを開けません。'..\..\Libraries\SDL2-2.30.8\src\render\software\SDL_blendfillrect.c':No such file or directory
  (compiling source file '/Libraries/SDL2-2.30.8/src/render/software/SDL_blendfillrect.c')
  
  SDL_blendline.c
\Libraries\SDL2-2.30.8\src\render\software\SDL_blendline.c(1,1): error C1083: ソース ファイルを開けません。'..\..\Libraries\SDL2-2.30.8\src\render\software\SDL_blendline.c':No such file or directory
  (compiling source file '/Libraries/SDL2-2.30.8/src/render/software/SDL_blendline.c')
  
  SDL_blendpoint.c
\Libraries\SDL2-2.30.8\src\render\software\SDL_blendpoint.c(1,1): error C1083: ソース ファイルを開けません。'..\..\Libraries\SDL2-2.30.8\src\render\software\SDL_blendpoint.c':No such file or directory
  (compiling source file '/Libraries/SDL2-2.30.8/src/render/software/SDL_blendpoint.c')
  
  SDL_drawline.c
\Libraries\SDL2-2.30.8\src\render\software\SDL_drawline.c(1,1): error C1083: ソース ファイルを開けません。'..\..\Libraries\SDL2-2.30.8\src\render\software\SDL_drawline.c':No such file or directory
  (compiling source file '/Libraries/SDL2-2.30.8/src/render/software/SDL_drawline.c')
  
  SDL_drawpoint.c
\Libraries\SDL2-2.30.8\src\render\software\SDL_drawpoint.c(1,1): error C1083: ソース ファイルを開けません。'..\..\Libraries\SDL2-2.30.8\src\render\software\SDL_drawpoint.c':No such file or directory
  (compiling source file '/Libraries/SDL2-2.30.8/src/render/software/SDL_drawpoint.c')
  
  SDL_render_sw.c
\Libraries\SDL2-2.30.8\src\render\software\SDL_render_sw.c(1,1): error C1083: ソース ファイルを開けません。'..\..\Libraries\SDL2-2.30.8\src\render\software\SDL_render_sw.c':No such file or directory
  (compiling source file '/Libraries/SDL2-2.30.8/src/render/software/SDL_render_sw.c')
  
  SDL_rotate.c
\Libraries\SDL2-2.30.8\src\render\software\SDL_rotate.c(1,1): error C1083: ソース ファイルを開けません。'..\..\Libraries\SDL2-2.30.8\src\render\software\SDL_rotate.c':No such file or directory
  (compiling source file '/Libraries/SDL2-2.30.8/src/render/software/SDL_rotate.c')
  
  SDL_triangle.c
\Libraries\SDL2-2.30.8\src\render\software\SDL_triangle.c(1,1): error C1083: ソース ファイルを開けません。'..\..\Libraries\SDL2-2.30.8\src\render\software\SDL_triangle.c':No such file or directory
  (compiling source file '/Libraries/SDL2-2.30.8/src/render/software/SDL_triangle.c')
  
  SDL.c
\Libraries\SDL2-2.30.8\src\SDL.c(1,1): error C1083: ソース ファイルを開けません。'..\..\Libraries\SDL2-2.30.8\src\SDL.c':No such file or directory
  (compiling source file '/Libraries/SDL2-2.30.8/src/SDL.c')
  
  SDL_assert.c
\Libraries\SDL2-2.30.8\src\SDL_assert.c(1,1): error C1083: ソース ファイルを開けません。'..\..\Libraries\SDL2-2.30.8\src\SDL_assert.c':No such file or directory
  (compiling source file '/Libraries/SDL2-2.30.8/src/SDL_assert.c')
  
  SDL_dataqueue.c
\Libraries\SDL2-2.30.8\src\SDL_dataqueue.c(1,1): error C1083: ソース ファイルを開けません。'..\..\Libraries\SDL2-2.30.8\src\SDL_dataqueue.c':No such file or directory
  (compiling source file '/Libraries/SDL2-2.30.8/src/SDL_dataqueue.c')
  
  SDL_list.c
\Libraries\SDL2-2.30.8\src\SDL_list.c(1,1): error C1083: ソース ファイルを開けません。'..\..\Libraries\SDL2-2.30.8\src\SDL_list.c':No such file or directory
  (compiling source file '/Libraries/SDL2-2.30.8/src/SDL_list.c')
  
  SDL_error.c
\Libraries\SDL2-2.30.8\src\SDL_error.c(1,1): error C1083: ソース ファイルを開けません。'..\..\Libraries\SDL2-2.30.8\src\SDL_error.c':No such file or directory
  (compiling source file '/Libraries/SDL2-2.30.8/src/SDL_error.c')
  
  コードを生成中...
  コンパイル中...
  SDL_hints.c
\Libraries\SDL2-2.30.8\src\SDL_hints.c(1,1): error C1083: ソース ファイルを開けません。'..\..\Libraries\SDL2-2.30.8\src\SDL_hints.c':No such file or directory
  (compiling source file '/Libraries/SDL2-2.30.8/src/SDL_hints.c')
  
  SDL_log.c
\Libraries\SDL2-2.30.8\src\SDL_log.c(1,1): error C1083: ソース ファイルを開けません。'..\..\Libraries\SDL2-2.30.8\src\SDL_log.c':No such file or directory
  (compiling source file '/Libraries/SDL2-2.30.8/src/SDL_log.c')
  
  SDL_utils.c
\Libraries\SDL2-2.30.8\src\SDL_utils.c(1,1): error C1083: ソース ファイルを開けません。'..\..\Libraries\SDL2-2.30.8\src\SDL_utils.c':No such file or directory
  (compiling source file '/Libraries/SDL2-2.30.8/src/SDL_utils.c')
  
  SDL_dummysensor.c
\Libraries\SDL2-2.30.8\src\sensor\dummy\SDL_dummysensor.c(1,1): error C1083: ソース ファイルを開けません。'..\..\Libraries\SDL2-2.30.8\src\sensor\dummy\SDL_dummysensor.c':No such file or directory
  (compiling source file '/Libraries/SDL2-2.30.8/src/sensor/dummy/SDL_dummysensor.c')
  
  SDL_sensor.c
\Libraries\SDL2-2.30.8\src\sensor\SDL_sensor.c(1,1): error C1083: ソース ファイルを開けません。'..\..\Libraries\SDL2-2.30.8\src\sensor\SDL_sensor.c':No such file or directory
  (compiling source file '/Libraries/SDL2-2.30.8/src/sensor/SDL_sensor.c')
  
  SDL_windowssensor.c
\Libraries\SDL2-2.30.8\src\sensor\windows\SDL_windowssensor.c(1,1): error C1083: ソース ファイルを開けません。'..\..\Libraries\SDL2-2.30.8\src\sensor\windows\SDL_windowssensor.c':No such file or directory
  (compiling source file '/Libraries/SDL2-2.30.8/src/sensor/windows/SDL_windowssensor.c')
  
  SDL_crc16.c
\Libraries\SDL2-2.30.8\src\stdlib\SDL_crc16.c(1,1): error C1083: ソース ファイルを開けません。'..\..\Libraries\SDL2-2.30.8\src\stdlib\SDL_crc16.c':No such file or directory
  (compiling source file '/Libraries/SDL2-2.30.8/src/stdlib/SDL_crc16.c')
  
  SDL_crc32.c
\Libraries\SDL2-2.30.8\src\stdlib\SDL_crc32.c(1,1): error C1083: ソース ファイルを開けません。'..\..\Libraries\SDL2-2.30.8\src\stdlib\SDL_crc32.c':No such file or directory
  (compiling source file '/Libraries/SDL2-2.30.8/src/stdlib/SDL_crc32.c')
  
  SDL_getenv.c
\Libraries\SDL2-2.30.8\src\stdlib\SDL_getenv.c(1,1): error C1083: ソース ファイルを開けません。'..\..\Libraries\SDL2-2.30.8\src\stdlib\SDL_getenv.c':No such file or directory
  (compiling source file '/Libraries/SDL2-2.30.8/src/stdlib/SDL_getenv.c')
  
  SDL_iconv.c
\Libraries\SDL2-2.30.8\src\stdlib\SDL_iconv.c(1,1): error C1083: ソース ファイルを開けません。'..\..\Libraries\SDL2-2.30.8\src\stdlib\SDL_iconv.c':No such file or directory
  (compiling source file '/Libraries/SDL2-2.30.8/src/stdlib/SDL_iconv.c')
  
  SDL_malloc.c
\Libraries\SDL2-2.30.8\src\stdlib\SDL_malloc.c(1,1): error C1083: ソース ファイルを開けません。'..\..\Libraries\SDL2-2.30.8\src\stdlib\SDL_malloc.c':No such file or directory
  (compiling source file '/Libraries/SDL2-2.30.8/src/stdlib/SDL_malloc.c')
  
  SDL_mslibc.c
\Libraries\SDL2-2.30.8\src\stdlib\SDL_mslibc.c(1,1): error C1083: ソース ファイルを開けません。'..\..\Libraries\SDL2-2.30.8\src\stdlib\SDL_mslibc.c':No such file or directory
  (compiling source file '/Libraries/SDL2-2.30.8/src/stdlib/SDL_mslibc.c')
  
  SDL_qsort.c
\Libraries\SDL2-2.30.8\src\stdlib\SDL_qsort.c(1,1): error C1083: ソース ファイルを開けません。'..\..\Libraries\SDL2-2.30.8\src\stdlib\SDL_qsort.c':No such file or directory
  (compiling source file '/Libraries/SDL2-2.30.8/src/stdlib/SDL_qsort.c')
  
  SDL_stdlib.c
\Libraries\SDL2-2.30.8\src\stdlib\SDL_stdlib.c(1,1): error C1083: ソース ファイルを開けません。'..\..\Libraries\SDL2-2.30.8\src\stdlib\SDL_stdlib.c':No such file or directory
  (compiling source file '/Libraries/SDL2-2.30.8/src/stdlib/SDL_stdlib.c')
  
  SDL_string.c
\Libraries\SDL2-2.30.8\src\stdlib\SDL_string.c(1,1): error C1083: ソース ファイルを開けません。'..\..\Libraries\SDL2-2.30.8\src\stdlib\SDL_string.c':No such file or directory
  (compiling source file '/Libraries/SDL2-2.30.8/src/stdlib/SDL_string.c')
  
  SDL_strtokr.c
\Libraries\SDL2-2.30.8\src\stdlib\SDL_strtokr.c(1,1): error C1083: ソース ファイルを開けません。'..\..\Libraries\SDL2-2.30.8\src\stdlib\SDL_strtokr.c':No such file or directory
  (compiling source file '/Libraries/SDL2-2.30.8/src/stdlib/SDL_strtokr.c')
  
  SDL_syscond.c
\Libraries\SDL2-2.30.8\src\thread\generic\SDL_syscond.c(1,1): error C1083: ソース ファイルを開けません。'..\..\Libraries\SDL2-2.30.8\src\thread\generic\SDL_syscond.c':No such file or directory
  (compiling source file '/Libraries/SDL2-2.30.8/src/thread/generic/SDL_syscond.c')
  
  SDL_thread.c
\Libraries\SDL2-2.30.8\src\thread\SDL_thread.c(1,1): error C1083: ソース ファイルを開けません。'..\..\Libraries\SDL2-2.30.8\src\thread\SDL_thread.c':No such file or directory
  (compiling source file '/Libraries/SDL2-2.30.8/src/thread/SDL_thread.c')
  
  SDL_syscond_cv.c
\Libraries\SDL2-2.30.8\src\thread\windows\SDL_syscond_cv.c(1,1): error C1083: ソース ファイルを開けません。'..\..\Libraries\SDL2-2.30.8\src\thread\windows\SDL_syscond_cv.c':No such file or directory
  (compiling source file '/Libraries/SDL2-2.30.8/src/thread/windows/SDL_syscond_cv.c')
  
  SDL_sysmutex.c
\Libraries\SDL2-2.30.8\src\thread\windows\SDL_sysmutex.c(1,1): error C1083: ソース ファイルを開けません。'..\..\Libraries\SDL2-2.30.8\src\thread\windows\SDL_sysmutex.c':No such file or directory
  (compiling source file '/Libraries/SDL2-2.30.8/src/thread/windows/SDL_sysmutex.c')
  
  コードを生成中...
  コンパイル中...
  SDL_syssem.c
\Libraries\SDL2-2.30.8\src\thread\windows\SDL_syssem.c(1,1): error C1083: ソース ファイルを開けません。'..\..\Libraries\SDL2-2.30.8\src\thread\windows\SDL_syssem.c':No such file or directory
  (compiling source file '/Libraries/SDL2-2.30.8/src/thread/windows/SDL_syssem.c')
  
  SDL_systhread.c
\Libraries\SDL2-2.30.8\src\thread\windows\SDL_systhread.c(1,1): error C1083: ソース ファイルを開けません。'..\..\Libraries\SDL2-2.30.8\src\thread\windows\SDL_systhread.c':No such file or directory
  (compiling source file '/Libraries/SDL2-2.30.8/src/thread/windows/SDL_systhread.c')
  
  SDL_systls.c
\Libraries\SDL2-2.30.8\src\thread\windows\SDL_systls.c(1,1): error C1083: ソース ファイルを開けません。'..\..\Libraries\SDL2-2.30.8\src\thread\windows\SDL_systls.c':No such file or directory
  (compiling source file '/Libraries/SDL2-2.30.8/src/thread/windows/SDL_systls.c')
  
  SDL_timer.c
\Libraries\SDL2-2.30.8\src\timer\SDL_timer.c(1,1): error C1083: ソース ファイルを開けません。'..\..\Libraries\SDL2-2.30.8\src\timer\SDL_timer.c':No such file or directory
  (compiling source file '/Libraries/SDL2-2.30.8/src/timer/SDL_timer.c')
  
  SDL_systimer.c
\Libraries\SDL2-2.30.8\src\timer\windows\SDL_systimer.c(1,1): error C1083: ソース ファイルを開けません。'..\..\Libraries\SDL2-2.30.8\src\timer\windows\SDL_systimer.c':No such file or directory
  (compiling source file '/Libraries/SDL2-2.30.8/src/timer/windows/SDL_systimer.c')
  
  SDL_nullevents.c
\Libraries\SDL2-2.30.8\src\video\dummy\SDL_nullevents.c(1,1): error C1083: ソース ファイルを開けません。'..\..\Libraries\SDL2-2.30.8\src\video\dummy\SDL_nullevents.c':No such file or directory
  (compiling source file '/Libraries/SDL2-2.30.8/src/video/dummy/SDL_nullevents.c')
  
  SDL_nullframebuffer.c
\Libraries\SDL2-2.30.8\src\video\dummy\SDL_nullframebuffer.c(1,1): error C1083: ソース ファイルを開けません。'..\..\Libraries\SDL2-2.30.8\src\video\dummy\SDL_nullframebuffer.c':No such file or directory
  (compiling source file '/Libraries/SDL2-2.30.8/src/video/dummy/SDL_nullframebuffer.c')
  
  SDL_nullvideo.c
\Libraries\SDL2-2.30.8\src\video\dummy\SDL_nullvideo.c(1,1): error C1083: ソース ファイルを開けません。'..\..\Libraries\SDL2-2.30.8\src\video\dummy\SDL_nullvideo.c':No such file or directory
  (compiling source file '/Libraries/SDL2-2.30.8/src/video/dummy/SDL_nullvideo.c')
  
  SDL_blit.c
\Libraries\SDL2-2.30.8\src\video\SDL_blit.c(1,1): error C1083: ソース ファイルを開けません。'..\..\Libraries\SDL2-2.30.8\src\video\SDL_blit.c':No such file or directory
  (compiling source file '/Libraries/SDL2-2.30.8/src/video/SDL_blit.c')
  
  SDL_blit_0.c
\Libraries\SDL2-2.30.8\src\video\SDL_blit_0.c(1,1): error C1083: ソース ファイルを開けません。'..\..\Libraries\SDL2-2.30.8\src\video\SDL_blit_0.c':No such file or directory
  (compiling source file '/Libraries/SDL2-2.30.8/src/video/SDL_blit_0.c')
  
  SDL_blit_1.c
\Libraries\SDL2-2.30.8\src\video\SDL_blit_1.c(1,1): error C1083: ソース ファイルを開けません。'..\..\Libraries\SDL2-2.30.8\src\video\SDL_blit_1.c':No such file or directory
  (compiling source file '/Libraries/SDL2-2.30.8/src/video/SDL_blit_1.c')
  
  SDL_blit_A.c
\Libraries\SDL2-2.30.8\src\video\SDL_blit_A.c(1,1): error C1083: ソース ファイルを開けません。'..\..\Libraries\SDL2-2.30.8\src\video\SDL_blit_A.c':No such file or directory
  (compiling source file '/Libraries/SDL2-2.30.8/src/video/SDL_blit_A.c')
  
  SDL_blit_auto.c
\Libraries\SDL2-2.30.8\src\video\SDL_blit_auto.c(1,1): error C1083: ソース ファイルを開けません。'..\..\Libraries\SDL2-2.30.8\src\video\SDL_blit_auto.c':No such file or directory
  (compiling source file '/Libraries/SDL2-2.30.8/src/video/SDL_blit_auto.c')
  
  SDL_blit_copy.c
\Libraries\SDL2-2.30.8\src\video\SDL_blit_copy.c(1,1): error C1083: ソース ファイルを開けません。'..\..\Libraries\SDL2-2.30.8\src\video\SDL_blit_copy.c':No such file or directory
  (compiling source file '/Libraries/SDL2-2.30.8/src/video/SDL_blit_copy.c')
  
  SDL_blit_N.c
\Libraries\SDL2-2.30.8\src\video\SDL_blit_N.c(1,1): error C1083: ソース ファイルを開けません。'..\..\Libraries\SDL2-2.30.8\src\video\SDL_blit_N.c':No such file or directory
  (compiling source file '/Libraries/SDL2-2.30.8/src/video/SDL_blit_N.c')
  
  SDL_blit_slow.c
\Libraries\SDL2-2.30.8\src\video\SDL_blit_slow.c(1,1): error C1083: ソース ファイルを開けません。'..\..\Libraries\SDL2-2.30.8\src\video\SDL_blit_slow.c':No such file or directory
  (compiling source file '/Libraries/SDL2-2.30.8/src/video/SDL_blit_slow.c')
  
  SDL_bmp.c
\Libraries\SDL2-2.30.8\src\video\SDL_bmp.c(1,1): error C1083: ソース ファイルを開けません。'..\..\Libraries\SDL2-2.30.8\src\video\SDL_bmp.c':No such file or directory
  (compiling source file '/Libraries/SDL2-2.30.8/src/video/SDL_bmp.c')
  
  SDL_clipboard.c
\Libraries\SDL2-2.30.8\src\video\SDL_clipboard.c(1,1): error C1083: ソース ファイルを開けません。'..\..\Libraries\SDL2-2.30.8\src\video\SDL_clipboard.c':No such file or directory
  (compiling source file '/Libraries/SDL2-2.30.8/src/video/SDL_clipboard.c')
  
  SDL_egl.c
\Libraries\SDL2-2.30.8\src\video\SDL_egl.c(1,1): error C1083: ソース ファイルを開けません。'..\..\Libraries\SDL2-2.30.8\src\video\SDL_egl.c':No such file or directory
  (compiling source file '/Libraries/SDL2-2.30.8/src/video/SDL_egl.c')
  
  SDL_fillrect.c
\Libraries\SDL2-2.30.8\src\video\SDL_fillrect.c(1,1): error C1083: ソース ファイルを開けません。'..\..\Libraries\SDL2-2.30.8\src\video\SDL_fillrect.c':No such file or directory
  (compiling source file '/Libraries/SDL2-2.30.8/src/video/SDL_fillrect.c')
  
  コードを生成中...
  コンパイル中...
  SDL_pixels.c
\Libraries\SDL2-2.30.8\src\video\SDL_pixels.c(1,1): error C1083: ソース ファイルを開けません。'..\..\Libraries\SDL2-2.30.8\src\video\SDL_pixels.c':No such file or directory
  (compiling source file '/Libraries/SDL2-2.30.8/src/video/SDL_pixels.c')
  
  SDL_rect.c
\Libraries\SDL2-2.30.8\src\video\SDL_rect.c(1,1): error C1083: ソース ファイルを開けません。'..\..\Libraries\SDL2-2.30.8\src\video\SDL_rect.c':No such file or directory
  (compiling source file '/Libraries/SDL2-2.30.8/src/video/SDL_rect.c')
  
  SDL_RLEaccel.c
\Libraries\SDL2-2.30.8\src\video\SDL_RLEaccel.c(1,1): error C1083: ソース ファイルを開けません。'..\..\Libraries\SDL2-2.30.8\src\video\SDL_RLEaccel.c':No such file or directory
  (compiling source file '/Libraries/SDL2-2.30.8/src/video/SDL_RLEaccel.c')
  
  SDL_shape.c
\Libraries\SDL2-2.30.8\src\video\SDL_shape.c(1,1): error C1083: ソース ファイルを開けません。'..\..\Libraries\SDL2-2.30.8\src\video\SDL_shape.c':No such file or directory
  (compiling source file '/Libraries/SDL2-2.30.8/src/video/SDL_shape.c')
  
  SDL_stretch.c
\Libraries\SDL2-2.30.8\src\video\SDL_stretch.c(1,1): error C1083: ソース ファイルを開けません。'..\..\Libraries\SDL2-2.30.8\src\video\SDL_stretch.c':No such file or directory
  (compiling source file '/Libraries/SDL2-2.30.8/src/video/SDL_stretch.c')
  
  SDL_surface.c
\Libraries\SDL2-2.30.8\src\video\SDL_surface.c(1,1): error C1083: ソース ファイルを開けません。'..\..\Libraries\SDL2-2.30.8\src\video\SDL_surface.c':No such file or directory
  (compiling source file '/Libraries/SDL2-2.30.8/src/video/SDL_surface.c')
  
  SDL_video.c
\Libraries\SDL2-2.30.8\src\video\SDL_video.c(1,1): error C1083: ソース ファイルを開けません。'..\..\Libraries\SDL2-2.30.8\src\video\SDL_video.c':No such file or directory
  (compiling source file '/Libraries/SDL2-2.30.8/src/video/SDL_video.c')
  
  SDL_vulkan_utils.c
\Libraries\SDL2-2.30.8\src\video\SDL_vulkan_utils.c(1,1): error C1083: ソース ファイルを開けません。'..\..\Libraries\SDL2-2.30.8\src\video\SDL_vulkan_utils.c':No such file or directory
  (compiling source file '/Libraries/SDL2-2.30.8/src/video/SDL_vulkan_utils.c')
  
  SDL_yuv.c
\Libraries\SDL2-2.30.8\src\video\SDL_yuv.c(1,1): error C1083: ソース ファイルを開けません。'..\..\Libraries\SDL2-2.30.8\src\video\SDL_yuv.c':No such file or directory
  (compiling source file '/Libraries/SDL2-2.30.8/src/video/SDL_yuv.c')
  
  SDL_windowsclipboard.c
\Libraries\SDL2-2.30.8\src\video\windows\SDL_windowsclipboard.c(1,1): error C1083: ソース ファイルを開けません。'..\..\Libraries\SDL2-2.30.8\src\video\windows\SDL_windowsclipboard.c':No such file or directory
  (compiling source file '/Libraries/SDL2-2.30.8/src/video/windows/SDL_windowsclipboard.c')
  
  SDL_windowsevents.c
\Libraries\SDL2-2.30.8\src\video\windows\SDL_windowsevents.c(1,1): error C1083: ソース ファイルを開けません。'..\..\Libraries\SDL2-2.30.8\src\video\windows\SDL_windowsevents.c':No such file or directory
  (compiling source file '/Libraries/SDL2-2.30.8/src/video/windows/SDL_windowsevents.c')
  
  SDL_windowsframebuffer.c
\Libraries\SDL2-2.30.8\src\video\windows\SDL_windowsframebuffer.c(1,1): error C1083: ソース ファイルを開けません。'..\..\Libraries\SDL2-2.30.8\src\video\windows\SDL_windowsframebuffer.c':No such file or directory
  (compiling source file '/Libraries/SDL2-2.30.8/src/video/windows/SDL_windowsframebuffer.c')
  
  SDL_windowskeyboard.c
\Libraries\SDL2-2.30.8\src\video\windows\SDL_windowskeyboard.c(1,1): error C1083: ソース ファイルを開けません。'..\..\Libraries\SDL2-2.30.8\src\video\windows\SDL_windowskeyboard.c':No such file or directory
  (compiling source file '/Libraries/SDL2-2.30.8/src/video/windows/SDL_windowskeyboard.c')
  
  SDL_windowsmessagebox.c
\Libraries\SDL2-2.30.8\src\video\windows\SDL_windowsmessagebox.c(1,1): error C1083: ソース ファイルを開けません。'..\..\Libraries\SDL2-2.30.8\src\video\windows\SDL_windowsmessagebox.c':No such file or directory
  (compiling source file '/Libraries/SDL2-2.30.8/src/video/windows/SDL_windowsmessagebox.c')
  
  SDL_windowsmodes.c
\Libraries\SDL2-2.30.8\src\video\windows\SDL_windowsmodes.c(1,1): error C1083: ソース ファイルを開けません。'..\..\Libraries\SDL2-2.30.8\src\video\windows\SDL_windowsmodes.c':No such file or directory
  (compiling source file '/Libraries/SDL2-2.30.8/src/video/windows/SDL_windowsmodes.c')
  
  SDL_windowsmouse.c
\Libraries\SDL2-2.30.8\src\video\windows\SDL_windowsmouse.c(1,1): error C1083: ソース ファイルを開けません。'..\..\Libraries\SDL2-2.30.8\src\video\windows\SDL_windowsmouse.c':No such file or directory
  (compiling source file '/Libraries/SDL2-2.30.8/src/video/windows/SDL_windowsmouse.c')
  
  SDL_windowsopengl.c
\Libraries\SDL2-2.30.8\src\video\windows\SDL_windowsopengl.c(1,1): error C1083: ソース ファイルを開けません。'..\..\Libraries\SDL2-2.30.8\src\video\windows\SDL_windowsopengl.c':No such file or directory
  (compiling source file '/Libraries/SDL2-2.30.8/src/video/windows/SDL_windowsopengl.c')
  
  SDL_windowsopengles.c
\Libraries\SDL2-2.30.8\src\video\windows\SDL_windowsopengles.c(1,1): error C1083: ソース ファイルを開けません。'..\..\Libraries\SDL2-2.30.8\src\video\windows\SDL_windowsopengles.c':No such file or directory
  (compiling source file '/Libraries/SDL2-2.30.8/src/video/windows/SDL_windowsopengles.c')
  
  SDL_windowsshape.c
\Libraries\SDL2-2.30.8\src\video\windows\SDL_windowsshape.c(1,1): error C1083: ソース ファイルを開けません。'..\..\Libraries\SDL2-2.30.8\src\video\windows\SDL_windowsshape.c':No such file or directory
  (compiling source file '/Libraries/SDL2-2.30.8/src/video/windows/SDL_windowsshape.c')
  
  SDL_windowsvideo.c
\Libraries\SDL2-2.30.8\src\video\windows\SDL_windowsvideo.c(1,1): error C1083: ソース ファイルを開けません。'..\..\Libraries\SDL2-2.30.8\src\video\windows\SDL_windowsvideo.c':No such file or directory
  (compiling source file '/Libraries/SDL2-2.30.8/src/video/windows/SDL_windowsvideo.c')
  
  コードを生成中...
  コンパイル中...
  SDL_windowsvulkan.c
\Libraries\SDL2-2.30.8\src\video\windows\SDL_windowsvulkan.c(1,1): error C1083: ソース ファイルを開けません。'..\..\Libraries\SDL2-2.30.8\src\video\windows\SDL_windowsvulkan.c':No such file or directory
  (compiling source file '/Libraries/SDL2-2.30.8/src/video/windows/SDL_windowsvulkan.c')
  
  SDL_windowswindow.c
\Libraries\SDL2-2.30.8\src\video\windows\SDL_windowswindow.c(1,1): error C1083: ソース ファイルを開けません。'..\..\Libraries\SDL2-2.30.8\src\video\windows\SDL_windowswindow.c':No such file or directory
  (compiling source file '/Libraries/SDL2-2.30.8/src/video/windows/SDL_windowswindow.c')
  
  yuv_rgb_lsx.c
\Libraries\SDL2-2.30.8\src\video\yuv2rgb\yuv_rgb_lsx.c(1,1): error C1083: ソース ファイルを開けません。'..\..\Libraries\SDL2-2.30.8\src\video\yuv2rgb\yuv_rgb_lsx.c':No such file or directory
  (compiling source file '/Libraries/SDL2-2.30.8/src/video/yuv2rgb/yuv_rgb_lsx.c')
  
  yuv_rgb_sse.c
\Libraries\SDL2-2.30.8\src\video\yuv2rgb\yuv_rgb_sse.c(1,1): error C1083: ソース ファイルを開けません。'..\..\Libraries\SDL2-2.30.8\src\video\yuv2rgb\yuv_rgb_sse.c':No such file or directory
  (compiling source file '/Libraries/SDL2-2.30.8/src/video/yuv2rgb/yuv_rgb_sse.c')
  
  yuv_rgb_std.c
\Libraries\SDL2-2.30.8\src\video\yuv2rgb\yuv_rgb_std.c(1,1): error C1083: ソース ファイルを開けません。'..\..\Libraries\SDL2-2.30.8\src\video\yuv2rgb\yuv_rgb_std.c':No such file or directory
  (compiling source file '/Libraries/SDL2-2.30.8/src/video/yuv2rgb/yuv_rgb_std.c')
  
  コードを生成中...
