cl : コマンド ライン  warning D9035: オプション 'Gm' の使用は現在推奨されていません。今後のバージョンからは削除されます。
  m68kmake.c
C:\Users\vf2_c\Documents\GitHub\Supermodel3-PonMi\Src\CPU\68K\Musashi\m68kmake.c(551,11): warning C4244: 'return': '__int64' から 'int' への変換です。データが失われる可能性があります。
C:\Users\vf2_c\Documents\GitHub\Supermodel3-PonMi\Src\CPU\68K\Musashi\m68kmake.c(565,11): warning C4244: 'return': '__int64' から 'int' への変換です。データが失われる可能性があります。
C:\Users\vf2_c\Documents\GitHub\Supermodel3-PonMi\Src\CPU\68K\Musashi\m68kmake.c(581,11): warning C4244: 'return': '__int64' から 'int' への変換です。データが失われる可能性があります。
C:\Users\vf2_c\Documents\GitHub\Supermodel3-PonMi\Src\CPU\68K\Musashi\m68kmake.c(592,11): warning C4244: 'return': '__int64' から 'int' への変換です。データが失われる可能性があります。
C:\Users\vf2_c\Documents\GitHub\Supermodel3-PonMi\Src\CPU\68K\Musashi\m68kmake.c(637,11): warning C4267: '=': 'size_t' から 'int' に変換しました。データが失われているかもしれません。
C:\Users\vf2_c\Documents\GitHub\Supermodel3-PonMi\Src\CPU\68K\Musashi\m68kmake.c(766,2): warning C4996: 'strcpy': This function or variable may be unsafe. Consider using strcpy_s instead. To disable deprecation, use _CRT_SECURE_NO_WARNINGS. See online help for details.
C:\Users\vf2_c\Documents\GitHub\Supermodel3-PonMi\Src\CPU\68K\Musashi\m68kmake.c(767,2): warning C4996: 'strcpy': This function or variable may be unsafe. Consider using strcpy_s instead. To disable deprecation, use _CRT_SECURE_NO_WARNINGS. See online help for details.
C:\Users\vf2_c\Documents\GitHub\Supermodel3-PonMi\Src\CPU\68K\Musashi\m68kmake.c(782,3): warning C4996: 'strcpy': This function or variable may be unsafe. Consider using strcpy_s instead. To disable deprecation, use _CRT_SECURE_NO_WARNINGS. See online help for details.
C:\Users\vf2_c\Documents\GitHub\Supermodel3-PonMi\Src\CPU\68K\Musashi\m68kmake.c(795,6): warning C4996: 'strcpy': This function or variable may be unsafe. Consider using strcpy_s instead. To disable deprecation, use _CRT_SECURE_NO_WARNINGS. See online help for details.
C:\Users\vf2_c\Documents\GitHub\Supermodel3-PonMi\Src\CPU\68K\Musashi\m68kmake.c(796,6): warning C4996: 'strcpy': This function or variable may be unsafe. Consider using strcpy_s instead. To disable deprecation, use _CRT_SECURE_NO_WARNINGS. See online help for details.
C:\Users\vf2_c\Documents\GitHub\Supermodel3-PonMi\Src\CPU\68K\Musashi\m68kmake.c(797,6): warning C4996: 'strcat': This function or variable may be unsafe. Consider using strcat_s instead. To disable deprecation, use _CRT_SECURE_NO_WARNINGS. See online help for details.
C:\Users\vf2_c\Documents\GitHub\Supermodel3-PonMi\Src\CPU\68K\Musashi\m68kmake.c(812,2): warning C4996: 'sprintf': This function or variable may be unsafe. Consider using sprintf_s instead. To disable deprecation, use _CRT_SECURE_NO_WARNINGS. See online help for details.
C:\Users\vf2_c\Documents\GitHub\Supermodel3-PonMi\Src\CPU\68K\Musashi\m68kmake.c(814,3): warning C4996: 'sprintf': This function or variable may be unsafe. Consider using sprintf_s instead. To disable deprecation, use _CRT_SECURE_NO_WARNINGS. See online help for details.
C:\Users\vf2_c\Documents\GitHub\Supermodel3-PonMi\Src\CPU\68K\Musashi\m68kmake.c(816,3): warning C4996: 'sprintf': This function or variable may be unsafe. Consider using sprintf_s instead. To disable deprecation, use _CRT_SECURE_NO_WARNINGS. See online help for details.
C:\Users\vf2_c\Documents\GitHub\Supermodel3-PonMi\Src\CPU\68K\Musashi\m68kmake.c(818,3): warning C4996: 'sprintf': This function or variable may be unsafe. Consider using sprintf_s instead. To disable deprecation, use _CRT_SECURE_NO_WARNINGS. See online help for details.
C:\Users\vf2_c\Documents\GitHub\Supermodel3-PonMi\Src\CPU\68K\Musashi\m68kmake.c(842,2): warning C4996: 'strcpy': This function or variable may be unsafe. Consider using strcpy_s instead. To disable deprecation, use _CRT_SECURE_NO_WARNINGS. See online help for details.
C:\Users\vf2_c\Documents\GitHub\Supermodel3-PonMi\Src\CPU\68K\Musashi\m68kmake.c(898,3): warning C4996: 'sprintf': This function or variable may be unsafe. Consider using sprintf_s instead. To disable deprecation, use _CRT_SECURE_NO_WARNINGS. See online help for details.
C:\Users\vf2_c\Documents\GitHub\Supermodel3-PonMi\Src\CPU\68K\Musashi\m68kmake.c(920,3): warning C4996: 'sprintf': This function or variable may be unsafe. Consider using sprintf_s instead. To disable deprecation, use _CRT_SECURE_NO_WARNINGS. See online help for details.
C:\Users\vf2_c\Documents\GitHub\Supermodel3-PonMi\Src\CPU\68K\Musashi\m68kmake.c(922,3): warning C4996: 'sprintf': This function or variable may be unsafe. Consider using sprintf_s instead. To disable deprecation, use _CRT_SECURE_NO_WARNINGS. See online help for details.
C:\Users\vf2_c\Documents\GitHub\Supermodel3-PonMi\Src\CPU\68K\Musashi\m68kmake.c(924,3): warning C4996: 'sprintf': This function or variable may be unsafe. Consider using sprintf_s instead. To disable deprecation, use _CRT_SECURE_NO_WARNINGS. See online help for details.
C:\Users\vf2_c\Documents\GitHub\Supermodel3-PonMi\Src\CPU\68K\Musashi\m68kmake.c(926,3): warning C4996: 'sprintf': This function or variable may be unsafe. Consider using sprintf_s instead. To disable deprecation, use _CRT_SECURE_NO_WARNINGS. See online help for details.
C:\Users\vf2_c\Documents\GitHub\Supermodel3-PonMi\Src\CPU\68K\Musashi\m68kmake.c(928,3): warning C4996: 'sprintf': This function or variable may be unsafe. Consider using sprintf_s instead. To disable deprecation, use _CRT_SECURE_NO_WARNINGS. See online help for details.
C:\Users\vf2_c\Documents\GitHub\Supermodel3-PonMi\Src\CPU\68K\Musashi\m68kmake.c(930,3): warning C4996: 'sprintf': This function or variable may be unsafe. Consider using sprintf_s instead. To disable deprecation, use _CRT_SECURE_NO_WARNINGS. See online help for details.
C:\Users\vf2_c\Documents\GitHub\Supermodel3-PonMi\Src\CPU\68K\Musashi\m68kmake.c(1012,3): warning C4996: 'sprintf': This function or variable may be unsafe. Consider using sprintf_s instead. To disable deprecation, use _CRT_SECURE_NO_WARNINGS. See online help for details.
C:\Users\vf2_c\Documents\GitHub\Supermodel3-PonMi\Src\CPU\68K\Musashi\m68kmake.c(1013,3): warning C4996: 'sprintf': This function or variable may be unsafe. Consider using sprintf_s instead. To disable deprecation, use _CRT_SECURE_NO_WARNINGS. See online help for details.
C:\Users\vf2_c\Documents\GitHub\Supermodel3-PonMi\Src\CPU\68K\Musashi\m68kmake.c(1019,3): warning C4996: 'strcpy': This function or variable may be unsafe. Consider using strcpy_s instead. To disable deprecation, use _CRT_SECURE_NO_WARNINGS. See online help for details.
C:\Users\vf2_c\Documents\GitHub\Supermodel3-PonMi\Src\CPU\68K\Musashi\m68kmake.c(1228,2): warning C4996: 'strcpy': This function or variable may be unsafe. Consider using strcpy_s instead. To disable deprecation, use _CRT_SECURE_NO_WARNINGS. See online help for details.
C:\Users\vf2_c\Documents\GitHub\Supermodel3-PonMi\Src\CPU\68K\Musashi\m68kmake.c(1254,3): warning C4996: 'strcpy': This function or variable may be unsafe. Consider using strcpy_s instead. To disable deprecation, use _CRT_SECURE_NO_WARNINGS. See online help for details.
C:\Users\vf2_c\Documents\GitHub\Supermodel3-PonMi\Src\CPU\68K\Musashi\m68kmake.c(1298,3): warning C4996: 'strcpy': This function or variable may be unsafe. Consider using strcpy_s instead. To disable deprecation, use _CRT_SECURE_NO_WARNINGS. See online help for details.
C:\Users\vf2_c\Documents\GitHub\Supermodel3-PonMi\Src\CPU\68K\Musashi\m68kmake.c(1305,4): warning C4996: 'strcat': This function or variable may be unsafe. Consider using strcat_s instead. To disable deprecation, use _CRT_SECURE_NO_WARNINGS. See online help for details.
C:\Users\vf2_c\Documents\GitHub\Supermodel3-PonMi\Src\CPU\68K\Musashi\m68kmake.c(1309,4): warning C4996: 'strcpy': This function or variable may be unsafe. Consider using strcpy_s instead. To disable deprecation, use _CRT_SECURE_NO_WARNINGS. See online help for details.
C:\Users\vf2_c\Documents\GitHub\Supermodel3-PonMi\Src\CPU\68K\Musashi\m68kmake.c(1343,2): warning C4996: 'sprintf': This function or variable may be unsafe. Consider using sprintf_s instead. To disable deprecation, use _CRT_SECURE_NO_WARNINGS. See online help for details.
C:\Users\vf2_c\Documents\GitHub\Supermodel3-PonMi\Src\CPU\68K\Musashi\m68kmake.c(1344,25): warning C4996: 'fopen': This function or variable may be unsafe. Consider using fopen_s instead. To disable deprecation, use _CRT_SECURE_NO_WARNINGS. See online help for details.
C:\Users\vf2_c\Documents\GitHub\Supermodel3-PonMi\Src\CPU\68K\Musashi\m68kmake.c(1347,2): warning C4996: 'sprintf': This function or variable may be unsafe. Consider using sprintf_s instead. To disable deprecation, use _CRT_SECURE_NO_WARNINGS. See online help for details.
C:\Users\vf2_c\Documents\GitHub\Supermodel3-PonMi\Src\CPU\68K\Musashi\m68kmake.c(1348,21): warning C4996: 'fopen': This function or variable may be unsafe. Consider using fopen_s instead. To disable deprecation, use _CRT_SECURE_NO_WARNINGS. See online help for details.
C:\Users\vf2_c\Documents\GitHub\Supermodel3-PonMi\Src\CPU\68K\Musashi\m68kmake.c(1351,2): warning C4996: 'sprintf': This function or variable may be unsafe. Consider using sprintf_s instead. To disable deprecation, use _CRT_SECURE_NO_WARNINGS. See online help for details.
C:\Users\vf2_c\Documents\GitHub\Supermodel3-PonMi\Src\CPU\68K\Musashi\m68kmake.c(1352,22): warning C4996: 'fopen': This function or variable may be unsafe. Consider using fopen_s instead. To disable deprecation, use _CRT_SECURE_NO_WARNINGS. See online help for details.
C:\Users\vf2_c\Documents\GitHub\Supermodel3-PonMi\Src\CPU\68K\Musashi\m68kmake.c(1355,2): warning C4996: 'sprintf': This function or variable may be unsafe. Consider using sprintf_s instead. To disable deprecation, use _CRT_SECURE_NO_WARNINGS. See online help for details.
C:\Users\vf2_c\Documents\GitHub\Supermodel3-PonMi\Src\CPU\68K\Musashi\m68kmake.c(1356,22): warning C4996: 'fopen': This function or variable may be unsafe. Consider using fopen_s instead. To disable deprecation, use _CRT_SECURE_NO_WARNINGS. See online help for details.
C:\Users\vf2_c\Documents\GitHub\Supermodel3-PonMi\Src\CPU\68K\Musashi\m68kmake.c(1359,2): warning C4996: 'sprintf': This function or variable may be unsafe. Consider using sprintf_s instead. To disable deprecation, use _CRT_SECURE_NO_WARNINGS. See online help for details.
C:\Users\vf2_c\Documents\GitHub\Supermodel3-PonMi\Src\CPU\68K\Musashi\m68kmake.c(1360,22): warning C4996: 'fopen': This function or variable may be unsafe. Consider using fopen_s instead. To disable deprecation, use _CRT_SECURE_NO_WARNINGS. See online help for details.
C:\Users\vf2_c\Documents\GitHub\Supermodel3-PonMi\Src\CPU\68K\Musashi\m68kmake.c(1363,19): warning C4996: 'fopen': This function or variable may be unsafe. Consider using fopen_s instead. To disable deprecation, use _CRT_SECURE_NO_WARNINGS. See online help for details.
  Musashi68K.vcxproj -> C:\Users\vf2_c\Documents\GitHub\Supermodel3-PonMi\VS2008\Musashi68K\x64\Debug\Musashi68K.exe
  
  		Musashi v3.3 68000, 68008, 68010, 68EC020, 68020 emulator
  		Copyright 1998-2000 Karl Stenerud (karl@mame.net)
  
  Generated 1962 opcode handlers from 513 primitives
